<?xml version="1.0" encoding="UTF-8"?>
<!-- Generated by org.testng.reporters.JUnitXMLReporter -->
<testsuite ignored="0" hostname="BCTCL-DL342098" failures="0" tests="3" name="Priority" time="0.039" errors="0" timestamp="2024-11-25T12:26:15 IST">
  <testcase classname="TestNGPractice.PriorityExicution" name="opneApp" time="0.011"/>
  <testcase classname="TestNGPractice.PriorityExicution" name="login" time="0.001"/>
  <testcase classname="TestNGPractice.PriorityExicution" name="logout" time="0.001"/>
</testsuite> <!-- Priority -->
