<?xml version="1.0" encoding="UTF-8"?>
<!-- Generated by org.testng.reporters.JUnitXMLReporter -->
<testsuite ignored="0" hostname="BCTCL-DL342098" failures="0" tests="7" name="batchExecution" time="27.633" errors="0" timestamp="2024-12-18T13:48:30 IST">
  <testcase classname="TestNGPractice.TestNgtest_1" name="openApp" time="0.008"/>
  <testcase classname="TestNGPractice.TestNgtest_1" name="Login" time="0.0"/>
  <testcase classname="TestNGPractice.TestNgtest_1" name="Logout" time="0.001"/>
  <testcase classname="TestNGPractice.lounchingBrowser" name="openApp" time="22.92"/>
  <testcase classname="TestNGPractice.lounchingBrowser" name="validate" time="3.048"/>
  <testcase classname="TestNGPractice.lounchingBrowser" name="login" time="1.386"/>
  <testcase classname="TestNGPractice.lounchingBrowser" name="close" time="0.234"/>
</testsuite> <!-- batchExecution -->
