<?xml version="1.0" encoding="UTF-8"?>
<!-- Generated by org.testng.reporters.JUnitXMLReporter -->
<testsuite ignored="3" hostname="BCTCL-DL342098" failures="0" tests="6" name="Test" time="0.058" errors="0" timestamp="2024-12-18T18:08:16 IST">
  <testcase classname="TestNGPractice.GroupingTestCase_2" name="singupYT" time="0.01"/>
  <testcase classname="TestNGPractice.GroupingTestCase_2" name="sigupIG" time="0.001"/>
  <testcase classname="TestNGPractice.GroupingTestCase_3" name="paymentinRupee" time="0.001"/>
  <testcase classname="TestNGPractice.GroupingTestCase_3" name="paymentinRiyal" time="0.001"/>
  <testcase classname="TestNGPractice.GroupingTestCase_1" name="loginFB" time="0.001"/>
  <testcase classname="TestNGPractice.GroupingTestCase_1" name="loginIG" time="0.001"/>
  <testcase classname="TestNGPractice.GroupingTestCase_2" name="sigupFB" time="0.0">
    <ignored/>
  </testcase> <!-- sigupFB -->
  <testcase classname="TestNGPractice.GroupingTestCase_1" name="loginYT" time="0.0">
    <ignored/>
  </testcase> <!-- loginYT -->
  <testcase classname="TestNGPractice.GroupingTestCase_3" name="paymentinDollar" time="0.0">
    <ignored/>
  </testcase> <!-- paymentinDollar -->
</testsuite> <!-- Test -->
