<?xml version="1.0" encoding="UTF-8"?>
<!-- Generated by org.testng.reporters.JUnitXMLReporter -->
<testsuite ignored="0" hostname="BCTCL-DL342098" failures="0" tests="3" name="Test" time="28.096" errors="0" timestamp="2024-11-19T13:30:06 IST">
  <testcase classname="TestNGPractice.paralleTesting" name="testlogo" time="0.057"/>
  <testcase classname="TestNGPractice.paralleTesting" name="testUrl" time="0.006"/>
  <testcase classname="TestNGPractice.paralleTesting" name="pageTile" time="0.006"/>
</testsuite> <!-- Test -->
